2025-03-18 19:41:50.533 - INFO - root - Logging initialized with level: DEBUG
2025-03-18 19:41:50.533 - INFO - root - Logging to file: logs\correction_tool_20250318_194150.log
2025-03-18 19:41:50.533 - INFO - root - ================================================================================
2025-03-18 19:41:50.534 - INFO - root - APPLICATION STARTING
2025-03-18 19:41:50.534 - INFO - root - Python version: 3.12.9 (main, Feb 12 2025, 14:52:31) [MSC v.1942 64 bit (AMD64)]
2025-03-18 19:41:50.534 - INFO - root - Working directory: D:\Projekte\CorrectionTool
2025-03-18 19:41:50.534 - INFO - root - Command line: main.py
2025-03-18 19:41:50.534 - INFO - root - ================================================================================
2025-03-18 19:41:50.534 - INFO - root - Ensured directory exists: data
2025-03-18 19:41:50.535 - INFO - root - Ensured directory exists: data/input
2025-03-18 19:41:50.535 - INFO - root - Ensured directory exists: data/output
2025-03-18 19:41:50.535 - INFO - root - Ensured directory exists: data/corrections
2025-03-18 19:41:50.535 - INFO - root - Ensured directory exists: data/validation
2025-03-18 19:41:50.535 - INFO - src.services.config_manager - Initializing ConfigManager
2025-03-18 19:41:50.535 - INFO - src.services.config_manager - Using config path: C:\Users\schrd\.correction_tool\config.ini
2025-03-18 19:41:50.536 - INFO - src.services.config_manager - Created config directory: C:\Users\schrd\.correction_tool
2025-03-18 19:41:50.536 - INFO - src.services.config_manager - Creating default configuration with consolidated structure
2025-03-18 19:41:50.536 - INFO - src.services.config_manager - Saving default configuration to disk
2025-03-18 19:41:50.537 - INFO - src.services.config_manager - ConfigManager initialized successfully
2025-03-18 19:41:50.537 - INFO - root - Configuration initialized
2025-03-18 19:41:50.552 - INFO - root - Setting up MainWindow
2025-03-18 19:41:50.553 - INFO - src.services.config_manager - Initializing ConfigManager
2025-03-18 19:41:50.553 - INFO - src.services.config_manager - Using config path: C:\Users\schrd\.correction_tool\config.ini
2025-03-18 19:41:50.553 - INFO - src.services.config_manager - Loading configuration from C:\Users\schrd\.correction_tool\config.ini
2025-03-18 19:41:50.558 - INFO - src.services.config_manager - Configuration loaded successfully
2025-03-18 19:41:50.558 - CRITICAL - root - Error creating or showing MainWindow: name 'logging' is not defined
Traceback (most recent call last):
  File "D:\Projekte\CorrectionTool\main.py", line 82, in main
    main_window = MainWindow()
                  ^^^^^^^^^^^^
  File "D:\Projekte\CorrectionTool\src\ui\main_window.py", line 68, in __init__
    self._config = ConfigManager()
                   ^^^^^^^^^^^^^^^
  File "D:\Projekte\CorrectionTool\src\services\config_manager.py", line 89, in __init__
    self.migrate_config()
  File "D:\Projekte\CorrectionTool\src\services\config_manager.py", line 474, in migrate_config
    logger = logging.getLogger(__name__)
             ^^^^^^^
NameError: name 'logging' is not defined. Did you forget to import 'logging'
2025-03-18 19:41:50.560 - CRITICAL - root - Fatal error starting application: name 'logging' is not defined
2025-03-18 19:41:50.561 - CRITICAL - root - Traceback (most recent call last):
  File "D:\Projekte\CorrectionTool\main.py", line 82, in main
    main_window = MainWindow()
                  ^^^^^^^^^^^^
  File "D:\Projekte\CorrectionTool\src\ui\main_window.py", line 68, in __init__
    self._config = ConfigManager()
                   ^^^^^^^^^^^^^^^
  File "D:\Projekte\CorrectionTool\src\services\config_manager.py", line 89, in __init__
    self.migrate_config()
  File "D:\Projekte\CorrectionTool\src\services\config_manager.py", line 474, in migrate_config
    logger = logging.getLogger(__name__)
             ^^^^^^^
NameError: name 'logging' is not defined. Did you forget to import 'logging'

